CRITICAL - 2023-04-25 07:23:17 --> Invalid file: _layout/main.php
in SYSTEMPATH\Exceptions\FrameworkException.php on line 33.
 1 SYSTEMPATH\View\View.php(201): CodeIgniter\Exceptions\FrameworkException::forInvalidFile('_layout/main.php')
 2 SYSTEMPATH\View\View.php(431): CodeIgniter\View\View->render('_layout/main', null, true)
 3 APPPATH\Views\_base_view.php(1): CodeIgniter\View\View->include('_layout/main')
 4 SYSTEMPATH\View\View.php(213): include('APPPATH\\Views\\_base_view.php')
 5 SYSTEMPATH\View\View.php(216): CodeIgniter\View\View->CodeIgniter\View\{closure}()
 6 SYSTEMPATH\Common.php(1134): CodeIgniter\View\View->render('_base_view', [], true)
 7 APPPATH\Controllers\ContentTest.php(15): view('_base_view', [...])
 8 SYSTEMPATH\CodeIgniter.php(927): App\Controllers\ContentTest->index()
 9 SYSTEMPATH\CodeIgniter.php(482): CodeIgniter\CodeIgniter->runController(Object(App\Controllers\ContentTest))
10 SYSTEMPATH\CodeIgniter.php(351): CodeIgniter\CodeIgniter->handleRequest(null, Object(Config\Cache), false)
11 FCPATH\index.php(67): CodeIgniter\CodeIgniter->run()
12 SYSTEMPATH\Commands\Server\rewrite.php(46): require_once('FCPATH\\index.php')
CRITICAL - 2023-04-25 07:23:38 --> Invalid file: partials/topbar.php
in SYSTEMPATH\Exceptions\FrameworkException.php on line 33.
 1 SYSTEMPATH\View\View.php(201): CodeIgniter\Exceptions\FrameworkException::forInvalidFile('partials/topbar.php')
 2 SYSTEMPATH\View\View.php(431): CodeIgniter\View\View->render('partials/topbar', null, true)
 3 APPPATH\Views\_layout\menu.php(1): CodeIgniter\View\View->include('partials/topbar')
 4 SYSTEMPATH\View\View.php(213): include('APPPATH\\Views\\_layout\\menu.php')
 5 SYSTEMPATH\View\View.php(216): CodeIgniter\View\View->CodeIgniter\View\{closure}()
 6 SYSTEMPATH\View\View.php(431): CodeIgniter\View\View->render('_layout/menu', null, true)
 7 APPPATH\Views\_base_view.php(16): CodeIgniter\View\View->include('_layout/menu')
 8 SYSTEMPATH\View\View.php(213): include('APPPATH\\Views\\_base_view.php')
 9 SYSTEMPATH\View\View.php(216): CodeIgniter\View\View->CodeIgniter\View\{closure}()
10 SYSTEMPATH\Common.php(1134): CodeIgniter\View\View->render('_base_view', [], true)
11 APPPATH\Controllers\ContentTest.php(15): view('_base_view', [...])
12 SYSTEMPATH\CodeIgniter.php(927): App\Controllers\ContentTest->index()
13 SYSTEMPATH\CodeIgniter.php(482): CodeIgniter\CodeIgniter->runController(Object(App\Controllers\ContentTest))
14 SYSTEMPATH\CodeIgniter.php(351): CodeIgniter\CodeIgniter->handleRequest(null, Object(Config\Cache), false)
15 FCPATH\index.php(67): CodeIgniter\CodeIgniter->run()
16 SYSTEMPATH\Commands\Server\rewrite.php(46): require_once('FCPATH\\index.php')
CRITICAL - 2023-04-25 07:23:42 --> Invalid file: partials/topbar.php
in SYSTEMPATH\Exceptions\FrameworkException.php on line 33.
 1 SYSTEMPATH\View\View.php(201): CodeIgniter\Exceptions\FrameworkException::forInvalidFile('partials/topbar.php')
 2 SYSTEMPATH\View\View.php(431): CodeIgniter\View\View->render('partials/topbar', null, true)
 3 APPPATH\Views\_layout\menu.php(1): CodeIgniter\View\View->include('partials/topbar')
 4 SYSTEMPATH\View\View.php(213): include('APPPATH\\Views\\_layout\\menu.php')
 5 SYSTEMPATH\View\View.php(216): CodeIgniter\View\View->CodeIgniter\View\{closure}()
 6 SYSTEMPATH\View\View.php(431): CodeIgniter\View\View->render('_layout/menu', null, true)
 7 APPPATH\Views\_base_view.php(16): CodeIgniter\View\View->include('_layout/menu')
 8 SYSTEMPATH\View\View.php(213): include('APPPATH\\Views\\_base_view.php')
 9 SYSTEMPATH\View\View.php(216): CodeIgniter\View\View->CodeIgniter\View\{closure}()
10 SYSTEMPATH\Common.php(1134): CodeIgniter\View\View->render('_base_view', [], true)
11 APPPATH\Controllers\ContentTest.php(15): view('_base_view', [...])
12 SYSTEMPATH\CodeIgniter.php(927): App\Controllers\ContentTest->index()
13 SYSTEMPATH\CodeIgniter.php(482): CodeIgniter\CodeIgniter->runController(Object(App\Controllers\ContentTest))
14 SYSTEMPATH\CodeIgniter.php(351): CodeIgniter\CodeIgniter->handleRequest(null, Object(Config\Cache), false)
15 FCPATH\index.php(67): CodeIgniter\CodeIgniter->run()
16 SYSTEMPATH\Commands\Server\rewrite.php(46): require_once('FCPATH\\index.php')
CRITICAL - 2023-04-25 07:23:47 --> Invalid file: partials/main.php
in SYSTEMPATH\Exceptions\FrameworkException.php on line 33.
 1 SYSTEMPATH\View\View.php(201): CodeIgniter\Exceptions\FrameworkException::forInvalidFile('partials/main.php')
 2 SYSTEMPATH\View\View.php(431): CodeIgniter\View\View->render('partials/main', null, true)
 3 APPPATH\Views\dashboard-job.php(1): CodeIgniter\View\View->include('partials/main')
 4 SYSTEMPATH\View\View.php(213): include('APPPATH\\Views\\dashboard-job.php')
 5 SYSTEMPATH\View\View.php(216): CodeIgniter\View\View->CodeIgniter\View\{closure}()
 6 SYSTEMPATH\Common.php(1134): CodeIgniter\View\View->render('dashboard-job', [], true)
 7 APPPATH\Controllers\Home.php(19): view('dashboard-job')
 8 SYSTEMPATH\CodeIgniter.php(927): App\Controllers\Home->root('dashboard-job')
 9 SYSTEMPATH\CodeIgniter.php(482): CodeIgniter\CodeIgniter->runController(Object(App\Controllers\Home))
10 SYSTEMPATH\CodeIgniter.php(351): CodeIgniter\CodeIgniter->handleRequest(null, Object(Config\Cache), false)
11 FCPATH\index.php(67): CodeIgniter\CodeIgniter->run()
12 SYSTEMPATH\Commands\Server\rewrite.php(46): require_once('FCPATH\\index.php')
CRITICAL - 2023-04-25 07:23:49 --> Invalid file: partials/topbar.php
in SYSTEMPATH\Exceptions\FrameworkException.php on line 33.
 1 SYSTEMPATH\View\View.php(201): CodeIgniter\Exceptions\FrameworkException::forInvalidFile('partials/topbar.php')
 2 SYSTEMPATH\View\View.php(431): CodeIgniter\View\View->render('partials/topbar', null, true)
 3 APPPATH\Views\_layout\menu.php(1): CodeIgniter\View\View->include('partials/topbar')
 4 SYSTEMPATH\View\View.php(213): include('APPPATH\\Views\\_layout\\menu.php')
 5 SYSTEMPATH\View\View.php(216): CodeIgniter\View\View->CodeIgniter\View\{closure}()
 6 SYSTEMPATH\View\View.php(431): CodeIgniter\View\View->render('_layout/menu', null, true)
 7 APPPATH\Views\_base_view.php(16): CodeIgniter\View\View->include('_layout/menu')
 8 SYSTEMPATH\View\View.php(213): include('APPPATH\\Views\\_base_view.php')
 9 SYSTEMPATH\View\View.php(216): CodeIgniter\View\View->CodeIgniter\View\{closure}()
10 SYSTEMPATH\Common.php(1134): CodeIgniter\View\View->render('_base_view', [], true)
11 APPPATH\Controllers\ContentTest.php(15): view('_base_view', [...])
12 SYSTEMPATH\CodeIgniter.php(927): App\Controllers\ContentTest->index()
13 SYSTEMPATH\CodeIgniter.php(482): CodeIgniter\CodeIgniter->runController(Object(App\Controllers\ContentTest))
14 SYSTEMPATH\CodeIgniter.php(351): CodeIgniter\CodeIgniter->handleRequest(null, Object(Config\Cache), false)
15 FCPATH\index.php(67): CodeIgniter\CodeIgniter->run()
16 SYSTEMPATH\Commands\Server\rewrite.php(46): require_once('FCPATH\\index.php')
CRITICAL - 2023-04-25 07:23:51 --> Invalid file: partials/main.php
in SYSTEMPATH\Exceptions\FrameworkException.php on line 33.
 1 SYSTEMPATH\View\View.php(201): CodeIgniter\Exceptions\FrameworkException::forInvalidFile('partials/main.php')
 2 SYSTEMPATH\View\View.php(431): CodeIgniter\View\View->render('partials/main', null, true)
 3 APPPATH\Views\dashboard-job.php(1): CodeIgniter\View\View->include('partials/main')
 4 SYSTEMPATH\View\View.php(213): include('APPPATH\\Views\\dashboard-job.php')
 5 SYSTEMPATH\View\View.php(216): CodeIgniter\View\View->CodeIgniter\View\{closure}()
 6 SYSTEMPATH\Common.php(1134): CodeIgniter\View\View->render('dashboard-job', [], true)
 7 APPPATH\Controllers\Home.php(19): view('dashboard-job')
 8 SYSTEMPATH\CodeIgniter.php(927): App\Controllers\Home->root('dashboard-job')
 9 SYSTEMPATH\CodeIgniter.php(482): CodeIgniter\CodeIgniter->runController(Object(App\Controllers\Home))
10 SYSTEMPATH\CodeIgniter.php(351): CodeIgniter\CodeIgniter->handleRequest(null, Object(Config\Cache), false)
11 FCPATH\index.php(67): CodeIgniter\CodeIgniter->run()
12 SYSTEMPATH\Commands\Server\rewrite.php(46): require_once('FCPATH\\index.php')
CRITICAL - 2023-04-25 07:23:52 --> Invalid file: partials/topbar.php
in SYSTEMPATH\Exceptions\FrameworkException.php on line 33.
 1 SYSTEMPATH\View\View.php(201): CodeIgniter\Exceptions\FrameworkException::forInvalidFile('partials/topbar.php')
 2 SYSTEMPATH\View\View.php(431): CodeIgniter\View\View->render('partials/topbar', null, true)
 3 APPPATH\Views\_layout\menu.php(1): CodeIgniter\View\View->include('partials/topbar')
 4 SYSTEMPATH\View\View.php(213): include('APPPATH\\Views\\_layout\\menu.php')
 5 SYSTEMPATH\View\View.php(216): CodeIgniter\View\View->CodeIgniter\View\{closure}()
 6 SYSTEMPATH\View\View.php(431): CodeIgniter\View\View->render('_layout/menu', null, true)
 7 APPPATH\Views\_base_view.php(16): CodeIgniter\View\View->include('_layout/menu')
 8 SYSTEMPATH\View\View.php(213): include('APPPATH\\Views\\_base_view.php')
 9 SYSTEMPATH\View\View.php(216): CodeIgniter\View\View->CodeIgniter\View\{closure}()
10 SYSTEMPATH\Common.php(1134): CodeIgniter\View\View->render('_base_view', [], true)
11 APPPATH\Controllers\ContentTest.php(15): view('_base_view', [...])
12 SYSTEMPATH\CodeIgniter.php(927): App\Controllers\ContentTest->index()
13 SYSTEMPATH\CodeIgniter.php(482): CodeIgniter\CodeIgniter->runController(Object(App\Controllers\ContentTest))
14 SYSTEMPATH\CodeIgniter.php(351): CodeIgniter\CodeIgniter->handleRequest(null, Object(Config\Cache), false)
15 FCPATH\index.php(67): CodeIgniter\CodeIgniter->run()
16 SYSTEMPATH\Commands\Server\rewrite.php(46): require_once('FCPATH\\index.php')
CRITICAL - 2023-04-25 07:24:44 --> Invalid file: partials/main.php
in SYSTEMPATH\Exceptions\FrameworkException.php on line 33.
 1 SYSTEMPATH\View\View.php(201): CodeIgniter\Exceptions\FrameworkException::forInvalidFile('partials/main.php')
 2 SYSTEMPATH\View\View.php(431): CodeIgniter\View\View->render('partials/main', null, true)
 3 APPPATH\Views\dashboard-job.php(1): CodeIgniter\View\View->include('partials/main')
 4 SYSTEMPATH\View\View.php(213): include('APPPATH\\Views\\dashboard-job.php')
 5 SYSTEMPATH\View\View.php(216): CodeIgniter\View\View->CodeIgniter\View\{closure}()
 6 SYSTEMPATH\Common.php(1134): CodeIgniter\View\View->render('dashboard-job', [], true)
 7 APPPATH\Controllers\Home.php(19): view('dashboard-job')
 8 SYSTEMPATH\CodeIgniter.php(927): App\Controllers\Home->root('dashboard-job')
 9 SYSTEMPATH\CodeIgniter.php(482): CodeIgniter\CodeIgniter->runController(Object(App\Controllers\Home))
10 SYSTEMPATH\CodeIgniter.php(351): CodeIgniter\CodeIgniter->handleRequest(null, Object(Config\Cache), false)
11 FCPATH\index.php(67): CodeIgniter\CodeIgniter->run()
12 SYSTEMPATH\Commands\Server\rewrite.php(46): require_once('FCPATH\\index.php')
